C:\USERS\CS\DESKTOP\GAME\GAME\DEBUG\GAME.EXE
C:\USERS\CS\DESKTOP\GAME\GAME\DEBUG\GAME.ILK
C:\USERS\CS\DESKTOP\GAME\GAME\DEBUG\GAME.PDB
C:\USERS\CS\DESKTOP\GAME\GAME\GAME\DEBUG\GAME.EXE.EMBED.MANIFEST
C:\USERS\CS\DESKTOP\GAME\GAME\GAME\DEBUG\GAME.EXE.EMBED.MANIFEST.RES
C:\USERS\CS\DESKTOP\GAME\GAME\GAME\DEBUG\GAME.EXE.INTERMEDIATE.MANIFEST
C:\USERS\CS\DESKTOP\GAME\GAME\GAME\DEBUG\GAME.OBJ
C:\USERS\CS\DESKTOP\GAME\GAME\GAME\DEBUG\GAME.PCH
C:\USERS\CS\DESKTOP\GAME\GAME\GAME\DEBUG\GAME.RES
C:\USERS\CS\DESKTOP\GAME\GAME\GAME\DEBUG\GAMEDOC.OBJ
C:\USERS\CS\DESKTOP\GAME\GAME\GAME\DEBUG\GAMEVIEW.OBJ
C:\USERS\CS\DESKTOP\GAME\GAME\GAME\DEBUG\MAINFRM.OBJ
C:\USERS\CS\DESKTOP\GAME\GAME\GAME\DEBUG\STDAFX.OBJ
C:\USERS\CS\DESKTOP\GAME\GAME\GAME\DEBUG\VC100.PDB
C:\USERS\CS\DESKTOP\GAME-최신판\GAME-최신판\DEBUG\GAME.EXE
C:\USERS\CS\DESKTOP\GAME-최신판\GAME-최신판\DEBUG\GAME.ILK
C:\USERS\CS\DESKTOP\GAME-최신판\GAME-최신판\DEBUG\GAME.PDB
C:\USERS\CS\DESKTOP\GAME-최신판\GAME-최신판\GAME\DEBUG\GAME.EXE.EMBED.MANIFEST
C:\USERS\CS\DESKTOP\GAME-최신판\GAME-최신판\GAME\DEBUG\GAME.EXE.EMBED.MANIFEST.RES
C:\USERS\CS\DESKTOP\GAME-최신판\GAME-최신판\GAME\DEBUG\GAME.EXE.INTERMEDIATE.MANIFEST
C:\USERS\CS\DESKTOP\GAME-최신판\GAME-최신판\GAME\DEBUG\GAME.OBJ
C:\USERS\CS\DESKTOP\GAME-최신판\GAME-최신판\GAME\DEBUG\GAME.PCH
C:\USERS\CS\DESKTOP\GAME-최신판\GAME-최신판\GAME\DEBUG\GAME.RES
C:\USERS\CS\DESKTOP\GAME-최신판\GAME-최신판\GAME\DEBUG\GAMEDOC.OBJ
C:\USERS\CS\DESKTOP\GAME-최신판\GAME-최신판\GAME\DEBUG\GAMEVIEW.OBJ
C:\USERS\CS\DESKTOP\GAME-최신판\GAME-최신판\GAME\DEBUG\MAINFRM.OBJ
C:\USERS\CS\DESKTOP\GAME-최신판\GAME-최신판\GAME\DEBUG\STDAFX.OBJ
C:\USERS\CS\DESKTOP\GAME-최신판\GAME-최신판\GAME\DEBUG\VC100.PDB
C:\USERS\CS\DESKTOP\완전체\DEBUG\GAME.EXE
C:\USERS\CS\DESKTOP\완전체\DEBUG\GAME.ILK
C:\USERS\CS\DESKTOP\완전체\DEBUG\GAME.PDB
C:\USERS\CS\DESKTOP\완전체\GAME\DEBUG\GAME.EXE.EMBED.MANIFEST
C:\USERS\CS\DESKTOP\완전체\GAME\DEBUG\GAME.EXE.EMBED.MANIFEST.RES
C:\USERS\CS\DESKTOP\완전체\GAME\DEBUG\GAME.EXE.INTERMEDIATE.MANIFEST
C:\USERS\CS\DESKTOP\완전체\GAME\DEBUG\GAME.OBJ
C:\USERS\CS\DESKTOP\완전체\GAME\DEBUG\GAME.PCH
C:\USERS\CS\DESKTOP\완전체\GAME\DEBUG\GAME.RES
C:\USERS\CS\DESKTOP\완전체\GAME\DEBUG\GAMEDOC.OBJ
C:\USERS\CS\DESKTOP\완전체\GAME\DEBUG\GAMEVIEW.OBJ
C:\USERS\CS\DESKTOP\완전체\GAME\DEBUG\MAINFRM.OBJ
C:\USERS\CS\DESKTOP\완전체\GAME\DEBUG\NAMEADD.OBJ
C:\USERS\CS\DESKTOP\완전체\GAME\DEBUG\RANKING.OBJ
C:\USERS\CS\DESKTOP\완전체\GAME\DEBUG\STDAFX.OBJ
C:\USERS\CS\DESKTOP\완전체\GAME\DEBUG\VC100.PDB
C:\USERS\MAC\DESKTOP\최최최최신판\DEBUG\GAME.EXE
C:\USERS\MAC\DESKTOP\최최최최신판\DEBUG\GAME.ILK
C:\USERS\MAC\DESKTOP\최최최최신판\DEBUG\GAME.PDB
C:\Users\Mac\Desktop\최최최최신판\Game\Debug\cl.command.1.tlog
C:\Users\Mac\Desktop\최최최최신판\Game\Debug\CL.read.1.tlog
C:\Users\Mac\Desktop\최최최최신판\Game\Debug\CL.write.1.tlog
C:\USERS\MAC\DESKTOP\최최최최신판\GAME\DEBUG\GAME.EXE.EMBED.MANIFEST
C:\USERS\MAC\DESKTOP\최최최최신판\GAME\DEBUG\GAME.EXE.EMBED.MANIFEST.RES
C:\USERS\MAC\DESKTOP\최최최최신판\GAME\DEBUG\GAME.EXE.INTERMEDIATE.MANIFEST
C:\USERS\MAC\DESKTOP\최최최최신판\GAME\DEBUG\GAME.OBJ
C:\USERS\MAC\DESKTOP\최최최최신판\GAME\DEBUG\GAME.PCH
C:\USERS\MAC\DESKTOP\최최최최신판\GAME\DEBUG\GAME.RES
C:\Users\Mac\Desktop\최최최최신판\Game\Debug\Game_manifest.rc
C:\USERS\MAC\DESKTOP\최최최최신판\GAME\DEBUG\GAMEDOC.OBJ
C:\USERS\MAC\DESKTOP\최최최최신판\GAME\DEBUG\GAMEVIEW.OBJ
C:\Users\Mac\Desktop\최최최최신판\Game\Debug\link.1892.read.1.tlog
C:\Users\Mac\Desktop\최최최최신판\Game\Debug\link.1892.write.1.tlog
C:\Users\Mac\Desktop\최최최최신판\Game\Debug\link.1892-cvtres.read.1.tlog
C:\Users\Mac\Desktop\최최최최신판\Game\Debug\link.1892-cvtres.write.1.tlog
C:\Users\Mac\Desktop\최최최최신판\Game\Debug\link.3336.read.1.tlog
C:\Users\Mac\Desktop\최최최최신판\Game\Debug\link.3336.write.1.tlog
C:\Users\Mac\Desktop\최최최최신판\Game\Debug\link.3336-cvtres.read.1.tlog
C:\Users\Mac\Desktop\최최최최신판\Game\Debug\link.3336-cvtres.write.1.tlog
C:\Users\Mac\Desktop\최최최최신판\Game\Debug\link.3880.read.1.tlog
C:\Users\Mac\Desktop\최최최최신판\Game\Debug\link.3880.write.1.tlog
C:\Users\Mac\Desktop\최최최최신판\Game\Debug\link.3880-cvtres.read.1.tlog
C:\Users\Mac\Desktop\최최최최신판\Game\Debug\link.3880-cvtres.write.1.tlog
C:\Users\Mac\Desktop\최최최최신판\Game\Debug\link.4524.read.1.tlog
C:\Users\Mac\Desktop\최최최최신판\Game\Debug\link.4524.write.1.tlog
C:\Users\Mac\Desktop\최최최최신판\Game\Debug\link.4524-cvtres.read.1.tlog
C:\Users\Mac\Desktop\최최최최신판\Game\Debug\link.4524-cvtres.write.1.tlog
C:\Users\Mac\Desktop\최최최최신판\Game\Debug\link.4740.read.1.tlog
C:\Users\Mac\Desktop\최최최최신판\Game\Debug\link.4740.write.1.tlog
C:\Users\Mac\Desktop\최최최최신판\Game\Debug\link.4740-cvtres.read.1.tlog
C:\Users\Mac\Desktop\최최최최신판\Game\Debug\link.4740-cvtres.write.1.tlog
C:\Users\Mac\Desktop\최최최최신판\Game\Debug\link.4812.read.1.tlog
C:\Users\Mac\Desktop\최최최최신판\Game\Debug\link.4812.write.1.tlog
C:\Users\Mac\Desktop\최최최최신판\Game\Debug\link.4812-cvtres.read.1.tlog
C:\Users\Mac\Desktop\최최최최신판\Game\Debug\link.4812-cvtres.write.1.tlog
C:\Users\Mac\Desktop\최최최최신판\Game\Debug\link.command.1.tlog
C:\Users\Mac\Desktop\최최최최신판\Game\Debug\link.read.1.tlog
C:\Users\Mac\Desktop\최최최최신판\Game\Debug\link.write.1.tlog
C:\Users\Mac\Desktop\최최최최신판\Game\Debug\link-cvtres.read.1.tlog
C:\Users\Mac\Desktop\최최최최신판\Game\Debug\link-cvtres.write.1.tlog
C:\USERS\MAC\DESKTOP\최최최최신판\GAME\DEBUG\MAINFRM.OBJ
C:\Users\Mac\Desktop\최최최최신판\Game\Debug\mt.command.1.tlog
C:\Users\Mac\Desktop\최최최최신판\Game\Debug\mt.read.1.tlog
C:\Users\Mac\Desktop\최최최최신판\Game\Debug\mt.write.1.tlog
C:\USERS\MAC\DESKTOP\최최최최신판\GAME\DEBUG\NAMEADD.OBJ
C:\USERS\MAC\DESKTOP\최최최최신판\GAME\DEBUG\RANKING.OBJ
C:\Users\Mac\Desktop\최최최최신판\Game\Debug\rc.command.1.tlog
C:\Users\Mac\Desktop\최최최최신판\Game\Debug\rc.read.1.tlog
C:\Users\Mac\Desktop\최최최최신판\Game\Debug\rc.write.1.tlog
C:\USERS\MAC\DESKTOP\최최최최신판\GAME\DEBUG\STDAFX.OBJ
C:\Users\Mac\Desktop\최최최최신판\Game\Debug\vc100.idb
C:\USERS\MAC\DESKTOP\최최최최신판\GAME\DEBUG\VC100.PDB
C:\USERS\USER\DESKTOP\GAME 이거맞니\DEBUG\GAME.EXE
C:\USERS\USER\DESKTOP\GAME 이거맞니\DEBUG\GAME.ILK
C:\USERS\USER\DESKTOP\GAME 이거맞니\DEBUG\GAME.PDB
C:\USERS\USER\DESKTOP\GAME 이거맞니\GAME\DEBUG\GAME.EXE.EMBED.MANIFEST.RES
C:\USERS\USER\DESKTOP\GAME 이거맞니\GAME\DEBUG\GAME.EXE.INTERMEDIATE.MANIFEST
C:\USERS\USER\DESKTOP\GAME 이거맞니\GAME\DEBUG\GAME.OBJ
C:\USERS\USER\DESKTOP\GAME 이거맞니\GAME\DEBUG\GAME.PCH
C:\USERS\USER\DESKTOP\GAME 이거맞니\GAME\DEBUG\GAME.RES
C:\USERS\USER\DESKTOP\GAME 이거맞니\GAME\DEBUG\GAMEDOC.OBJ
C:\USERS\USER\DESKTOP\GAME 이거맞니\GAME\DEBUG\GAMEVIEW.OBJ
C:\USERS\USER\DESKTOP\GAME 이거맞니\GAME\DEBUG\MAINFRM.OBJ
C:\USERS\USER\DESKTOP\GAME 이거맞니\GAME\DEBUG\NAMEADD.OBJ
C:\USERS\USER\DESKTOP\GAME 이거맞니\GAME\DEBUG\RANKING.OBJ
C:\USERS\USER\DESKTOP\GAME 이거맞니\GAME\DEBUG\STDAFX.OBJ
C:\USERS\USER\DESKTOP\GAME 이거맞니\GAME\DEBUG\VC100.PDB
C:\USERS\USER\DESKTOP\GAME\DEBUG\GAME.EXE
C:\USERS\USER\DESKTOP\GAME\DEBUG\GAME.ILK
C:\USERS\USER\DESKTOP\GAME\DEBUG\GAME.PDB
C:\USERS\USER\DESKTOP\GAME\GAME\DEBUG\GAME.EXE.EMBED.MANIFEST
C:\USERS\USER\DESKTOP\GAME\GAME\DEBUG\GAME.EXE.EMBED.MANIFEST.RES
C:\USERS\USER\DESKTOP\GAME\GAME\DEBUG\GAME.EXE.INTERMEDIATE.MANIFEST
C:\USERS\USER\DESKTOP\GAME\GAME\DEBUG\GAME.OBJ
C:\USERS\USER\DESKTOP\GAME\GAME\DEBUG\GAME.PCH
C:\USERS\USER\DESKTOP\GAME\GAME\DEBUG\GAME.RES
C:\USERS\USER\DESKTOP\GAME\GAME\DEBUG\GAMEDOC.OBJ
C:\USERS\USER\DESKTOP\GAME\GAME\DEBUG\GAMEVIEW.OBJ
C:\USERS\USER\DESKTOP\GAME\GAME\DEBUG\MAINFRM.OBJ
C:\USERS\USER\DESKTOP\GAME\GAME\DEBUG\STDAFX.OBJ
C:\USERS\USER\DESKTOP\GAME\GAME\DEBUG\VC100.PDB
C:\USERS\USER\DESKTOP\GAME-최신판\DEBUG\GAME.EXE
C:\USERS\USER\DESKTOP\GAME-최신판\DEBUG\GAME.ILK
C:\USERS\USER\DESKTOP\GAME-최신판\DEBUG\GAME.PDB
C:\USERS\USER\DESKTOP\GAME-최신판\GAME\DEBUG\GAME.EXE.EMBED.MANIFEST.RES
C:\USERS\USER\DESKTOP\GAME-최신판\GAME\DEBUG\GAME.EXE.INTERMEDIATE.MANIFEST
C:\USERS\USER\DESKTOP\GAME-최신판\GAME\DEBUG\GAME.OBJ
C:\USERS\USER\DESKTOP\GAME-최신판\GAME\DEBUG\GAME.PCH
C:\USERS\USER\DESKTOP\GAME-최신판\GAME\DEBUG\GAME.RES
C:\USERS\USER\DESKTOP\GAME-최신판\GAME\DEBUG\GAMEDOC.OBJ
C:\USERS\USER\DESKTOP\GAME-최신판\GAME\DEBUG\GAMEVIEW.OBJ
C:\USERS\USER\DESKTOP\GAME-최신판\GAME\DEBUG\MAINFRM.OBJ
C:\USERS\USER\DESKTOP\GAME-최신판\GAME\DEBUG\STDAFX.OBJ
C:\USERS\USER\DESKTOP\GAME-최신판\GAME\DEBUG\VC100.PDB
C:\USERS\USER\DESKTOP\비프관련\GAME-최신판(둘리)\DEBUG\GAME.EXE
C:\USERS\USER\DESKTOP\비프관련\GAME-최신판(둘리)\DEBUG\GAME.ILK
C:\USERS\USER\DESKTOP\비프관련\GAME-최신판(둘리)\DEBUG\GAME.PDB
C:\USERS\USER\DESKTOP\비프관련\GAME-최신판(둘리)\GAME\DEBUG\GAME.EXE.EMBED.MANIFEST.RES
C:\USERS\USER\DESKTOP\비프관련\GAME-최신판(둘리)\GAME\DEBUG\GAME.EXE.INTERMEDIATE.MANIFEST
C:\USERS\USER\DESKTOP\비프관련\GAME-최신판(둘리)\GAME\DEBUG\GAME.OBJ
C:\USERS\USER\DESKTOP\비프관련\GAME-최신판(둘리)\GAME\DEBUG\GAME.PCH
C:\USERS\USER\DESKTOP\비프관련\GAME-최신판(둘리)\GAME\DEBUG\GAME.RES
C:\USERS\USER\DESKTOP\비프관련\GAME-최신판(둘리)\GAME\DEBUG\GAMEDOC.OBJ
C:\USERS\USER\DESKTOP\비프관련\GAME-최신판(둘리)\GAME\DEBUG\GAMEVIEW.OBJ
C:\USERS\USER\DESKTOP\비프관련\GAME-최신판(둘리)\GAME\DEBUG\MAINFRM.OBJ
C:\USERS\USER\DESKTOP\비프관련\GAME-최신판(둘리)\GAME\DEBUG\NAMEADD.OBJ
C:\USERS\USER\DESKTOP\비프관련\GAME-최신판(둘리)\GAME\DEBUG\RANKING.OBJ
C:\USERS\USER\DESKTOP\비프관련\GAME-최신판(둘리)\GAME\DEBUG\STDAFX.OBJ
C:\USERS\USER\DESKTOP\비프관련\GAME-최신판(둘리)\GAME\DEBUG\VC100.PDB
C:\USERS\김혜진\DESKTOP\GAME-최신판(둘리)-랭킹추가까지\GAME-최신판(둘리)-랭킹추가까지\DEBUG\GAME.EXE
C:\USERS\김혜진\DESKTOP\GAME-최신판(둘리)-랭킹추가까지\GAME-최신판(둘리)-랭킹추가까지\DEBUG\GAME.ILK
C:\USERS\김혜진\DESKTOP\GAME-최신판(둘리)-랭킹추가까지\GAME-최신판(둘리)-랭킹추가까지\DEBUG\GAME.PDB
C:\USERS\김혜진\DESKTOP\GAME-최신판(둘리)-랭킹추가까지\GAME-최신판(둘리)-랭킹추가까지\GAME\DEBUG\GAME.EXE.EMBED.MANIFEST.RES
C:\USERS\김혜진\DESKTOP\GAME-최신판(둘리)-랭킹추가까지\GAME-최신판(둘리)-랭킹추가까지\GAME\DEBUG\GAME.EXE.INTERMEDIATE.MANIFEST
C:\USERS\김혜진\DESKTOP\GAME-최신판(둘리)-랭킹추가까지\GAME-최신판(둘리)-랭킹추가까지\GAME\DEBUG\GAME.OBJ
C:\USERS\김혜진\DESKTOP\GAME-최신판(둘리)-랭킹추가까지\GAME-최신판(둘리)-랭킹추가까지\GAME\DEBUG\GAME.PCH
C:\USERS\김혜진\DESKTOP\GAME-최신판(둘리)-랭킹추가까지\GAME-최신판(둘리)-랭킹추가까지\GAME\DEBUG\GAME.RES
C:\USERS\김혜진\DESKTOP\GAME-최신판(둘리)-랭킹추가까지\GAME-최신판(둘리)-랭킹추가까지\GAME\DEBUG\GAMEDOC.OBJ
C:\USERS\김혜진\DESKTOP\GAME-최신판(둘리)-랭킹추가까지\GAME-최신판(둘리)-랭킹추가까지\GAME\DEBUG\GAMEVIEW.OBJ
C:\USERS\김혜진\DESKTOP\GAME-최신판(둘리)-랭킹추가까지\GAME-최신판(둘리)-랭킹추가까지\GAME\DEBUG\MAINFRM.OBJ
C:\USERS\김혜진\DESKTOP\GAME-최신판(둘리)-랭킹추가까지\GAME-최신판(둘리)-랭킹추가까지\GAME\DEBUG\NAMEADD.OBJ
C:\USERS\김혜진\DESKTOP\GAME-최신판(둘리)-랭킹추가까지\GAME-최신판(둘리)-랭킹추가까지\GAME\DEBUG\RANKING.OBJ
C:\USERS\김혜진\DESKTOP\GAME-최신판(둘리)-랭킹추가까지\GAME-최신판(둘리)-랭킹추가까지\GAME\DEBUG\STDAFX.OBJ
C:\USERS\김혜진\DESKTOP\GAME-최신판(둘리)-랭킹추가까지\GAME-최신판(둘리)-랭킹추가까지\GAME\DEBUG\VC100.PDB
D:\2] 대학교\2학년\2학기\MFC 프로그래밍\MFC 예제 소스\본문소스코드\PART04\GAME\DEBUG\GAME.EXE
D:\2] 대학교\2학년\2학기\MFC 프로그래밍\MFC 예제 소스\본문소스코드\PART04\GAME\DEBUG\GAME.ILK
D:\2] 대학교\2학년\2학기\MFC 프로그래밍\MFC 예제 소스\본문소스코드\PART04\GAME\DEBUG\GAME.PDB
D:\2] 대학교\2학년\2학기\MFC 프로그래밍\MFC 예제 소스\본문소스코드\PART04\GAME\GAME\DEBUG\GAME.EXE.EMBED.MANIFEST
D:\2] 대학교\2학년\2학기\MFC 프로그래밍\MFC 예제 소스\본문소스코드\PART04\GAME\GAME\DEBUG\GAME.EXE.EMBED.MANIFEST.RES
D:\2] 대학교\2학년\2학기\MFC 프로그래밍\MFC 예제 소스\본문소스코드\PART04\GAME\GAME\DEBUG\GAME.EXE.INTERMEDIATE.MANIFEST
D:\2] 대학교\2학년\2학기\MFC 프로그래밍\MFC 예제 소스\본문소스코드\PART04\GAME\GAME\DEBUG\GAME.OBJ
D:\2] 대학교\2학년\2학기\MFC 프로그래밍\MFC 예제 소스\본문소스코드\PART04\GAME\GAME\DEBUG\GAME.PCH
D:\2] 대학교\2학년\2학기\MFC 프로그래밍\MFC 예제 소스\본문소스코드\PART04\GAME\GAME\DEBUG\GAME.RES
D:\2] 대학교\2학년\2학기\MFC 프로그래밍\MFC 예제 소스\본문소스코드\PART04\GAME\GAME\DEBUG\GAMEDOC.OBJ
D:\2] 대학교\2학년\2학기\MFC 프로그래밍\MFC 예제 소스\본문소스코드\PART04\GAME\GAME\DEBUG\GAMEVIEW.OBJ
D:\2] 대학교\2학년\2학기\MFC 프로그래밍\MFC 예제 소스\본문소스코드\PART04\GAME\GAME\DEBUG\MAINFRM.OBJ
D:\2] 대학교\2학년\2학기\MFC 프로그래밍\MFC 예제 소스\본문소스코드\PART04\GAME\GAME\DEBUG\STDAFX.OBJ
D:\2] 대학교\2학년\2학기\MFC 프로그래밍\MFC 예제 소스\본문소스코드\PART04\GAME\GAME\DEBUG\VC100.PDB
